<?xml version="1.0" ?><testsuite name="cs680.hw10.CarTest" time="0.026" timestamp="2025-12-10T02:00:55" tests="4" failures="0" skipped="0" aborted="0"><properties>
[...]
</properties><testcase classname="cs680.hw10.CarTest" name="testMileageComparator()" time="0.0"></testcase><testcase classname="cs680.hw10.CarTest" name="testPriceComparator()" time="0.005"></testcase><testcase classname="cs680.hw10.CarTest" name="testYearComparator()" time="0.0"></testcase><testcase classname="cs680.hw10.CarTest" name="testParetoDominance()" time="0.0"></testcase></testsuite>